  난수생성.cpp
C:\Users\UserK\sf6_ai\c++\241030_d03\241031_d04\난수생성\난수생성.cpp(11,5): error C3646: 'cout': 알 수 없는 재정의 지정자입니다.
C:\Users\UserK\sf6_ai\c++\241030_d03\241031_d04\난수생성\난수생성.cpp(11,10): error C2059: 구문 오류: '<<'
C:\Users\UserK\sf6_ai\c++\241030_d03\241031_d04\난수생성\난수생성.cpp(11,13): error C4430: 형식 지정자가 없습니다. int로 가정합니다. 참고: C++에서는 기본 int를 지원하지 않습니다.
C:\Users\UserK\sf6_ai\c++\241030_d03\241031_d04\난수생성\난수생성.cpp(11,13): error C2365: 'time': 재정의: 이전 정의는 '함수'입니다.
      C:\Program Files (x86)\Windows Kits\10\Include\10.0.22621.0\ucrt\time.h(548,42):
      'time' 선언을 참조하십시오.
  
C:\Users\UserK\sf6_ai\c++\241030_d03\241031_d04\난수생성\난수생성.cpp(11,24): error C2059: 구문 오류: '<<'
C:\Users\UserK\sf6_ai\c++\241030_d03\241031_d04\난수생성\난수생성.cpp(12,5): error C4430: 형식 지정자가 없습니다. int로 가정합니다. 참고: C++에서는 기본 int를 지원하지 않습니다.
C:\Users\UserK\sf6_ai\c++\241030_d03\241031_d04\난수생성\난수생성.cpp(12,5): error C2365: 'srand': 재정의: 이전 정의는 '함수'입니다.
      C:\Program Files (x86)\Windows Kits\10\Include\10.0.22621.0\ucrt\stdlib.h(350,23):
      'srand' 선언을 참조하십시오.
  
C:\Users\UserK\sf6_ai\c++\241030_d03\241031_d04\난수생성\난수생성.cpp(16,10): error C2143: 구문 오류: ';'이(가) '<<' 앞에 없습니다.
C:\Users\UserK\sf6_ai\c++\241030_d03\241031_d04\난수생성\난수생성.cpp(16,5): error C4430: 형식 지정자가 없습니다. int로 가정합니다. 참고: C++에서는 기본 int를 지원하지 않습니다.
C:\Users\UserK\sf6_ai\c++\241030_d03\241031_d04\난수생성\난수생성.cpp(16,10): error C2059: 구문 오류: '<<'
C:\Users\UserK\sf6_ai\c++\241030_d03\241031_d04\난수생성\난수생성.cpp(17,10): error C2143: 구문 오류: ';'이(가) '<<' 앞에 없습니다.
C:\Users\UserK\sf6_ai\c++\241030_d03\241031_d04\난수생성\난수생성.cpp(17,5): error C4430: 형식 지정자가 없습니다. int로 가정합니다. 참고: C++에서는 기본 int를 지원하지 않습니다.
C:\Users\UserK\sf6_ai\c++\241030_d03\241031_d04\난수생성\난수생성.cpp(17,5): error C2086: 'int cout': 재정의
      C:\Users\UserK\sf6_ai\c++\241030_d03\241031_d04\난수생성\난수생성.cpp(16,5):
      'cout' 선언을 참조하십시오.
  
C:\Users\UserK\sf6_ai\c++\241030_d03\241031_d04\난수생성\난수생성.cpp(17,10): error C2059: 구문 오류: '<<'
C:\Users\UserK\sf6_ai\c++\241030_d03\241031_d04\난수생성\난수생성.cpp(18,1): error C2059: 구문 오류: '}'
C:\Users\UserK\sf6_ai\c++\241030_d03\241031_d04\난수생성\난수생성.cpp(18,1): error C2143: 구문 오류: ';'이(가) '}' 앞에 없습니다.
